15-Feb-2024 18:38:37.210 INFO [main] org.apache.catalina.startup.VersionLoggerListener.log Server version name:   Apache Tomcat/9.0.85
15-Feb-2024 18:38:37.220 INFO [main] org.apache.catalina.startup.VersionLoggerListener.log Server built:          Jan 5 2024 08:28:07 UTC
15-Feb-2024 18:38:37.221 INFO [main] org.apache.catalina.startup.VersionLoggerListener.log Server version number: 9.0.85.0
15-Feb-2024 18:38:37.222 INFO [main] org.apache.catalina.startup.VersionLoggerListener.log OS Name:               Windows 11
15-Feb-2024 18:38:37.222 INFO [main] org.apache.catalina.startup.VersionLoggerListener.log OS Version:            10.0
15-Feb-2024 18:38:37.222 INFO [main] org.apache.catalina.startup.VersionLoggerListener.log Architecture:          amd64
15-Feb-2024 18:38:37.222 INFO [main] org.apache.catalina.startup.VersionLoggerListener.log Java Home:             C:\Program Files\Java\jdk-17
15-Feb-2024 18:38:37.223 INFO [main] org.apache.catalina.startup.VersionLoggerListener.log JVM Version:           17.0.9+11-LTS-201
15-Feb-2024 18:38:37.223 INFO [main] org.apache.catalina.startup.VersionLoggerListener.log JVM Vendor:            Oracle Corporation
15-Feb-2024 18:38:37.224 INFO [main] org.apache.catalina.startup.VersionLoggerListener.log CATALINA_BASE:         C:\Users\Yeshwanth Reddy\OneDrive\Desktop\Servlets\web-servlets
15-Feb-2024 18:38:37.224 INFO [main] org.apache.catalina.startup.VersionLoggerListener.log CATALINA_HOME:         C:\Users\Yeshwanth Reddy\Downloads\apache-tomcat-9.0.85\apache-tomcat-9.0.85
15-Feb-2024 18:38:37.249 INFO [main] org.apache.catalina.startup.VersionLoggerListener.log Command line argument: --add-opens=java.base/java.lang=ALL-UNNAMED
15-Feb-2024 18:38:37.249 INFO [main] org.apache.catalina.startup.VersionLoggerListener.log Command line argument: --add-opens=java.base/java.io=ALL-UNNAMED
15-Feb-2024 18:38:37.250 INFO [main] org.apache.catalina.startup.VersionLoggerListener.log Command line argument: --add-opens=java.base/java.util=ALL-UNNAMED
15-Feb-2024 18:38:37.250 INFO [main] org.apache.catalina.startup.VersionLoggerListener.log Command line argument: --add-opens=java.base/java.util.concurrent=ALL-UNNAMED
15-Feb-2024 18:38:37.250 INFO [main] org.apache.catalina.startup.VersionLoggerListener.log Command line argument: --add-opens=java.rmi/sun.rmi.transport=ALL-UNNAMED
15-Feb-2024 18:38:37.251 INFO [main] org.apache.catalina.startup.VersionLoggerListener.log Command line argument: -Dcatalina.home=C:\Users\Yeshwanth Reddy\Downloads\apache-tomcat-9.0.85\apache-tomcat-9.0.85
15-Feb-2024 18:38:37.251 INFO [main] org.apache.catalina.startup.VersionLoggerListener.log Command line argument: -Dcatalina.base=C:\Users\Yeshwanth Reddy\OneDrive\Desktop\Servlets\web-servlets
15-Feb-2024 18:38:37.251 INFO [main] org.apache.catalina.startup.VersionLoggerListener.log Command line argument: -Djava.io.tmpdir=C:\Users\Yeshwanth Reddy\OneDrive\Desktop\Servlets\web-servlets\temp
15-Feb-2024 18:38:37.251 INFO [main] org.apache.catalina.startup.VersionLoggerListener.log Command line argument: -Djava.util.logging.config.file=C:\Users\Yeshwanth Reddy\OneDrive\Desktop\Servlets\web-servlets\conf\logging.properties
15-Feb-2024 18:38:37.251 INFO [main] org.apache.catalina.startup.VersionLoggerListener.log Command line argument: -Djava.util.logging.manager=org.apache.juli.ClassLoaderLogManager
15-Feb-2024 18:38:37.252 INFO [main] org.apache.catalina.startup.VersionLoggerListener.log Command line argument: -javaagent:C:\Program Files\JetBrains\IntelliJ IDEA Community Edition 2023.2.2\lib\idea_rt.jar=50558:C:\Program Files\JetBrains\IntelliJ IDEA Community Edition 2023.2.2\bin
15-Feb-2024 18:38:37.252 INFO [main] org.apache.catalina.startup.VersionLoggerListener.log Command line argument: -Dfile.encoding=UTF-8
15-Feb-2024 18:38:37.291 INFO [main] org.apache.catalina.core.AprLifecycleListener.lifecycleEvent The Apache Tomcat Native library which allows using OpenSSL was not found on the java.library.path: [C:\Program Files\Java\jdk-17\bin;C:\WINDOWS\Sun\Java\bin;C:\WINDOWS\system32;C:\WINDOWS;C:\Program Files\Common Files\Oracle\Java\javapath;C:\ProgramData\Oracle\Java\javapath;C:\Users\Yeshwanth Reddy\AppData\Local\Android\Sdk\build-tools;C:\Users\Yeshwanth Reddy\AppData\Local\Android\Sdk\platform-tools;C:\Program Files\PuTTY\;C:\WINDOWS\system32;C:\WINDOWS;C:\WINDOWS\System32\Wbem;C:\WINDOWS\System32\WindowsPowerShell\v1.0\;C:\WINDOWS\System32\OpenSSH\;C:\Program Files\nodejs\;C:\Program Files\Git\cmd;C:\Users\Yeshwanth Reddy\Downloads\apache-maven-3.9.6-bin\apache-maven-3.9.6\bin;C:\Users\Yeshwanth Reddy\OneDrive\New folder;C:\Users\Yeshwanth Reddy\OneDrive\New folder\Library\mingw-w64\bin;C:\Users\Yeshwanth Reddy\OneDrive\New folder\Library\usr\bin;C:\Users\Yeshwanth Reddy\OneDrive\New folder\Library\bin;C:\Users\Yeshwanth Reddy\OneDrive\New folder\Scripts;C:\Users\Yeshwanth Reddy\AppData\Local\Programs\Python\Python311\Scripts\;C:\Users\Yeshwanth Reddy\AppData\Local\Programs\Python\Python311\;C:\Program Files\MySQL\MySQL Shell 8.0\bin\;C:\Users\Yeshwanth Reddy\AppData\Local\Programs\Python\Python39\Scripts\;C:\Users\Yeshwanth Reddy\AppData\Local\Programs\Python\Python39\;C:\Users\Yeshwanth Reddy\AppData\Local\Microsoft\WindowsApps;C:\Users\Yeshwanth Reddy\.dotnet\tools;C:\Users\Yeshwanth Reddy\AppData\Local\Programs\Microsoft VS Code\bin;C:\Users\Yeshwanth Reddy\OneDrive\Desktop\PyCharm Community Edition 2022.3.2\bin;;C:\Program Files\MySQL\MySQL Server 8.0\bin;C:\Program Files\Java\jdk1.8.0_281\bin;C:\Users\Yeshwanth Reddy\AppData\Roaming\npm;C:\Program Files\JetBrains\IntelliJ IDEA Community Edition 2023.2.2\bin;;C:\Users\Yeshwanth Reddy\AppData\Local\GitHubDesktop\bin;;.]
15-Feb-2024 18:38:38.252 INFO [main] org.apache.coyote.AbstractProtocol.init Initializing ProtocolHandler ["http-nio-8080"]
15-Feb-2024 18:38:38.336 INFO [main] org.apache.catalina.startup.Catalina.load Server initialization in [1713] milliseconds
15-Feb-2024 18:38:38.490 INFO [main] org.apache.catalina.core.StandardService.startInternal Starting service [Catalina]
15-Feb-2024 18:38:38.490 INFO [main] org.apache.catalina.core.StandardEngine.startInternal Starting Servlet engine: [Apache Tomcat/9.0.85]
15-Feb-2024 18:38:38.520 INFO [main] org.apache.catalina.startup.HostConfig.deployDescriptor Deploying deployment descriptor [C:\Users\Yeshwanth Reddy\OneDrive\Desktop\Servlets\web-servlets\conf\Catalina\localhost\javax-servlets.xml]
15-Feb-2024 18:38:44.130 INFO [main] org.apache.jasper.servlet.TldScanner.scanJars At least one JAR was scanned for TLDs yet contained no TLDs. Enable debug logging for this logger for a complete list of JARs that were scanned but no TLDs were found in them. Skipping unneeded JARs during scanning can improve startup time and JSP compilation time.
15-Feb-2024 18:38:45.179 INFO [main] org.springframework.web.servlet.DispatcherServlet.initServletBean FrameworkServlet 'spring': initialization started
15-Feb-2024 18:38:45.362 INFO [main] org.springframework.web.context.support.XmlWebApplicationContext.prepareRefresh Refreshing WebApplicationContext for namespace 'spring-servlet': startup date [Thu Feb 15 18:38:45 CST 2024]; root of context hierarchy
15-Feb-2024 18:38:45.651 INFO [main] org.springframework.beans.factory.xml.XmlBeanDefinitionReader.loadBeanDefinitions Loading XML bean definitions from ServletContext resource [/WEB-INF/spring-servlet.xml]
15-Feb-2024 18:38:45.657 SEVERE [main] org.springframework.web.servlet.DispatcherServlet.initServletBean Context initialization failed
	org.springframework.beans.factory.BeanDefinitionStoreException: IOException parsing XML document from ServletContext resource [/WEB-INF/spring-servlet.xml]; nested exception is java.io.FileNotFoundException: Could not open ServletContext resource [/WEB-INF/spring-servlet.xml]
		at org.springframework.beans.factory.xml.XmlBeanDefinitionReader.loadBeanDefinitions(XmlBeanDefinitionReader.java:344)
		at org.springframework.beans.factory.xml.XmlBeanDefinitionReader.loadBeanDefinitions(XmlBeanDefinitionReader.java:304)
		at org.springframework.beans.factory.support.AbstractBeanDefinitionReader.loadBeanDefinitions(AbstractBeanDefinitionReader.java:181)
		at org.springframework.beans.factory.support.AbstractBeanDefinitionReader.loadBeanDefinitions(AbstractBeanDefinitionReader.java:217)
		at org.springframework.beans.factory.support.AbstractBeanDefinitionReader.loadBeanDefinitions(AbstractBeanDefinitionReader.java:188)
		at org.springframework.web.context.support.XmlWebApplicationContext.loadBeanDefinitions(XmlWebApplicationContext.java:125)
		at org.springframework.web.context.support.XmlWebApplicationContext.loadBeanDefinitions(XmlWebApplicationContext.java:94)
		at org.springframework.context.support.AbstractRefreshableApplicationContext.refreshBeanFactory(AbstractRefreshableApplicationContext.java:129)
		at org.springframework.context.support.AbstractApplicationContext.obtainFreshBeanFactory(AbstractApplicationContext.java:614)
		at org.springframework.context.support.AbstractApplicationContext.refresh(AbstractApplicationContext.java:515)
		at org.springframework.web.servlet.FrameworkServlet.configureAndRefreshWebApplicationContext(FrameworkServlet.java:668)
		at org.springframework.web.servlet.FrameworkServlet.createWebApplicationContext(FrameworkServlet.java:634)
		at org.springframework.web.servlet.FrameworkServlet.createWebApplicationContext(FrameworkServlet.java:682)
		at org.springframework.web.servlet.FrameworkServlet.initWebApplicationContext(FrameworkServlet.java:553)
		at org.springframework.web.servlet.FrameworkServlet.initServletBean(FrameworkServlet.java:494)
		at org.springframework.web.servlet.HttpServletBean.init(HttpServletBean.java:171)
		at javax.servlet.GenericServlet.init(GenericServlet.java:143)
		at org.apache.catalina.core.StandardWrapper.initServlet(StandardWrapper.java:1106)
		at org.apache.catalina.core.StandardWrapper.loadServlet(StandardWrapper.java:1063)
		at org.apache.catalina.core.StandardWrapper.load(StandardWrapper.java:960)
		at org.apache.catalina.core.StandardContext.loadOnStartup(StandardContext.java:4641)
		at org.apache.catalina.core.StandardContext.startInternal(StandardContext.java:4948)
		at org.apache.catalina.util.LifecycleBase.start(LifecycleBase.java:171)
		at org.apache.catalina.core.ContainerBase.addChildInternal(ContainerBase.java:683)
		at org.apache.catalina.core.ContainerBase.addChild(ContainerBase.java:658)
		at org.apache.catalina.core.StandardHost.addChild(StandardHost.java:661)
		at org.apache.catalina.startup.HostConfig.deployDescriptor(HostConfig.java:691)
		at org.apache.catalina.startup.HostConfig$DeployDescriptor.run(HostConfig.java:1897)
		at java.base/java.util.concurrent.Executors$RunnableAdapter.call(Executors.java:539)
		at java.base/java.util.concurrent.FutureTask.run(FutureTask.java:264)
		at org.apache.tomcat.util.threads.InlineExecutorService.execute(InlineExecutorService.java:75)
		at java.base/java.util.concurrent.AbstractExecutorService.submit(AbstractExecutorService.java:123)
		at org.apache.catalina.startup.HostConfig.deployDescriptors(HostConfig.java:584)
		at org.apache.catalina.startup.HostConfig.deployApps(HostConfig.java:474)
		at org.apache.catalina.startup.HostConfig.start(HostConfig.java:1619)
		at org.apache.catalina.startup.HostConfig.lifecycleEvent(HostConfig.java:318)
		at org.apache.catalina.util.LifecycleBase.fireLifecycleEvent(LifecycleBase.java:114)
		at org.apache.catalina.util.LifecycleBase.setStateInternal(LifecycleBase.java:402)
		at org.apache.catalina.util.LifecycleBase.setState(LifecycleBase.java:345)
		at org.apache.catalina.core.ContainerBase.startInternal(ContainerBase.java:893)
		at org.apache.catalina.core.StandardHost.startInternal(StandardHost.java:794)
		at org.apache.catalina.util.LifecycleBase.start(LifecycleBase.java:171)
		at org.apache.catalina.core.ContainerBase$StartChild.call(ContainerBase.java:1332)
		at org.apache.catalina.core.ContainerBase$StartChild.call(ContainerBase.java:1322)
		at java.base/java.util.concurrent.FutureTask.run(FutureTask.java:264)
		at org.apache.tomcat.util.threads.InlineExecutorService.execute(InlineExecutorService.java:75)
		at java.base/java.util.concurrent.AbstractExecutorService.submit(AbstractExecutorService.java:145)
		at org.apache.catalina.core.ContainerBase.startInternal(ContainerBase.java:866)
		at org.apache.catalina.core.StandardEngine.startInternal(StandardEngine.java:248)
		at org.apache.catalina.util.LifecycleBase.start(LifecycleBase.java:171)
		at org.apache.catalina.core.StandardService.startInternal(StandardService.java:433)
		at org.apache.catalina.util.LifecycleBase.start(LifecycleBase.java:171)
		at org.apache.catalina.core.StandardServer.startInternal(StandardServer.java:921)
		at org.apache.catalina.util.LifecycleBase.start(LifecycleBase.java:171)
		at org.apache.catalina.startup.Catalina.start(Catalina.java:772)
		at java.base/jdk.internal.reflect.NativeMethodAccessorImpl.invoke0(Native Method)
		at java.base/jdk.internal.reflect.NativeMethodAccessorImpl.invoke(NativeMethodAccessorImpl.java:77)
		at java.base/jdk.internal.reflect.DelegatingMethodAccessorImpl.invoke(DelegatingMethodAccessorImpl.java:43)
		at java.base/java.lang.reflect.Method.invoke(Method.java:568)
		at org.apache.catalina.startup.Bootstrap.start(Bootstrap.java:347)
		at org.apache.catalina.startup.Bootstrap.main(Bootstrap.java:478)
	Caused by: java.io.FileNotFoundException: Could not open ServletContext resource [/WEB-INF/spring-servlet.xml]
		at org.springframework.web.context.support.ServletContextResource.getInputStream(ServletContextResource.java:141)
		at org.springframework.beans.factory.xml.XmlBeanDefinitionReader.loadBeanDefinitions(XmlBeanDefinitionReader.java:330)
		... 60 more
15-Feb-2024 18:38:45.694 INFO [main] org.apache.catalina.startup.HostConfig.deployDescriptor Deployment of deployment descriptor [C:\Users\Yeshwanth Reddy\OneDrive\Desktop\Servlets\web-servlets\conf\Catalina\localhost\javax-servlets.xml] has finished in [7,173] ms
15-Feb-2024 18:38:45.701 INFO [main] org.apache.coyote.AbstractProtocol.start Starting ProtocolHandler ["http-nio-8080"]
15-Feb-2024 18:38:45.832 INFO [main] org.apache.catalina.startup.Catalina.start Server startup in [7495] milliseconds
15-Feb-2024 18:46:26.822 INFO [Thread-1] org.apache.coyote.AbstractProtocol.pause Pausing ProtocolHandler ["http-nio-8080"]
15-Feb-2024 18:46:26.845 INFO [Thread-1] org.apache.catalina.core.StandardService.stopInternal Stopping service [Catalina]
15-Feb-2024 18:46:26.867 INFO [Thread-1] org.apache.coyote.AbstractProtocol.stop Stopping ProtocolHandler ["http-nio-8080"]
15-Feb-2024 18:46:26.886 INFO [Thread-1] org.apache.coyote.AbstractProtocol.destroy Destroying ProtocolHandler ["http-nio-8080"]
15-Feb-2024 18:46:35.382 INFO [main] org.apache.catalina.startup.VersionLoggerListener.log Server version name:   Apache Tomcat/9.0.85
15-Feb-2024 18:46:35.390 INFO [main] org.apache.catalina.startup.VersionLoggerListener.log Server built:          Jan 5 2024 08:28:07 UTC
15-Feb-2024 18:46:35.391 INFO [main] org.apache.catalina.startup.VersionLoggerListener.log Server version number: 9.0.85.0
15-Feb-2024 18:46:35.391 INFO [main] org.apache.catalina.startup.VersionLoggerListener.log OS Name:               Windows 11
15-Feb-2024 18:46:35.391 INFO [main] org.apache.catalina.startup.VersionLoggerListener.log OS Version:            10.0
15-Feb-2024 18:46:35.391 INFO [main] org.apache.catalina.startup.VersionLoggerListener.log Architecture:          amd64
15-Feb-2024 18:46:35.392 INFO [main] org.apache.catalina.startup.VersionLoggerListener.log Java Home:             C:\Program Files\Java\jdk-17
15-Feb-2024 18:46:35.393 INFO [main] org.apache.catalina.startup.VersionLoggerListener.log JVM Version:           17.0.9+11-LTS-201
15-Feb-2024 18:46:35.393 INFO [main] org.apache.catalina.startup.VersionLoggerListener.log JVM Vendor:            Oracle Corporation
15-Feb-2024 18:46:35.393 INFO [main] org.apache.catalina.startup.VersionLoggerListener.log CATALINA_BASE:         C:\Users\Yeshwanth Reddy\OneDrive\Desktop\Servlets\web-servlets
15-Feb-2024 18:46:35.394 INFO [main] org.apache.catalina.startup.VersionLoggerListener.log CATALINA_HOME:         C:\Users\Yeshwanth Reddy\Downloads\apache-tomcat-9.0.85\apache-tomcat-9.0.85
15-Feb-2024 18:46:35.421 INFO [main] org.apache.catalina.startup.VersionLoggerListener.log Command line argument: --add-opens=java.base/java.lang=ALL-UNNAMED
15-Feb-2024 18:46:35.421 INFO [main] org.apache.catalina.startup.VersionLoggerListener.log Command line argument: --add-opens=java.base/java.io=ALL-UNNAMED
15-Feb-2024 18:46:35.422 INFO [main] org.apache.catalina.startup.VersionLoggerListener.log Command line argument: --add-opens=java.base/java.util=ALL-UNNAMED
15-Feb-2024 18:46:35.422 INFO [main] org.apache.catalina.startup.VersionLoggerListener.log Command line argument: --add-opens=java.base/java.util.concurrent=ALL-UNNAMED
15-Feb-2024 18:46:35.422 INFO [main] org.apache.catalina.startup.VersionLoggerListener.log Command line argument: --add-opens=java.rmi/sun.rmi.transport=ALL-UNNAMED
15-Feb-2024 18:46:35.422 INFO [main] org.apache.catalina.startup.VersionLoggerListener.log Command line argument: -Dcatalina.home=C:\Users\Yeshwanth Reddy\Downloads\apache-tomcat-9.0.85\apache-tomcat-9.0.85
15-Feb-2024 18:46:35.422 INFO [main] org.apache.catalina.startup.VersionLoggerListener.log Command line argument: -Dcatalina.base=C:\Users\Yeshwanth Reddy\OneDrive\Desktop\Servlets\web-servlets
15-Feb-2024 18:46:35.423 INFO [main] org.apache.catalina.startup.VersionLoggerListener.log Command line argument: -Djava.io.tmpdir=C:\Users\Yeshwanth Reddy\OneDrive\Desktop\Servlets\web-servlets\temp
15-Feb-2024 18:46:35.423 INFO [main] org.apache.catalina.startup.VersionLoggerListener.log Command line argument: -Djava.util.logging.config.file=C:\Users\Yeshwanth Reddy\OneDrive\Desktop\Servlets\web-servlets\conf\logging.properties
15-Feb-2024 18:46:35.423 INFO [main] org.apache.catalina.startup.VersionLoggerListener.log Command line argument: -Djava.util.logging.manager=org.apache.juli.ClassLoaderLogManager
15-Feb-2024 18:46:35.425 INFO [main] org.apache.catalina.startup.VersionLoggerListener.log Command line argument: -javaagent:C:\Program Files\JetBrains\IntelliJ IDEA Community Edition 2023.2.2\lib\idea_rt.jar=50617:C:\Program Files\JetBrains\IntelliJ IDEA Community Edition 2023.2.2\bin
15-Feb-2024 18:46:35.425 INFO [main] org.apache.catalina.startup.VersionLoggerListener.log Command line argument: -Dfile.encoding=UTF-8
15-Feb-2024 18:46:35.464 INFO [main] org.apache.catalina.core.AprLifecycleListener.lifecycleEvent The Apache Tomcat Native library which allows using OpenSSL was not found on the java.library.path: [C:\Program Files\Java\jdk-17\bin;C:\WINDOWS\Sun\Java\bin;C:\WINDOWS\system32;C:\WINDOWS;C:\Program Files\Common Files\Oracle\Java\javapath;C:\ProgramData\Oracle\Java\javapath;C:\Users\Yeshwanth Reddy\AppData\Local\Android\Sdk\build-tools;C:\Users\Yeshwanth Reddy\AppData\Local\Android\Sdk\platform-tools;C:\Program Files\PuTTY\;C:\WINDOWS\system32;C:\WINDOWS;C:\WINDOWS\System32\Wbem;C:\WINDOWS\System32\WindowsPowerShell\v1.0\;C:\WINDOWS\System32\OpenSSH\;C:\Program Files\nodejs\;C:\Program Files\Git\cmd;C:\Users\Yeshwanth Reddy\Downloads\apache-maven-3.9.6-bin\apache-maven-3.9.6\bin;C:\Users\Yeshwanth Reddy\OneDrive\New folder;C:\Users\Yeshwanth Reddy\OneDrive\New folder\Library\mingw-w64\bin;C:\Users\Yeshwanth Reddy\OneDrive\New folder\Library\usr\bin;C:\Users\Yeshwanth Reddy\OneDrive\New folder\Library\bin;C:\Users\Yeshwanth Reddy\OneDrive\New folder\Scripts;C:\Users\Yeshwanth Reddy\AppData\Local\Programs\Python\Python311\Scripts\;C:\Users\Yeshwanth Reddy\AppData\Local\Programs\Python\Python311\;C:\Program Files\MySQL\MySQL Shell 8.0\bin\;C:\Users\Yeshwanth Reddy\AppData\Local\Programs\Python\Python39\Scripts\;C:\Users\Yeshwanth Reddy\AppData\Local\Programs\Python\Python39\;C:\Users\Yeshwanth Reddy\AppData\Local\Microsoft\WindowsApps;C:\Users\Yeshwanth Reddy\.dotnet\tools;C:\Users\Yeshwanth Reddy\AppData\Local\Programs\Microsoft VS Code\bin;C:\Users\Yeshwanth Reddy\OneDrive\Desktop\PyCharm Community Edition 2022.3.2\bin;;C:\Program Files\MySQL\MySQL Server 8.0\bin;C:\Program Files\Java\jdk1.8.0_281\bin;C:\Users\Yeshwanth Reddy\AppData\Roaming\npm;C:\Program Files\JetBrains\IntelliJ IDEA Community Edition 2023.2.2\bin;;C:\Users\Yeshwanth Reddy\AppData\Local\GitHubDesktop\bin;;.]
15-Feb-2024 18:46:36.399 INFO [main] org.apache.coyote.AbstractProtocol.init Initializing ProtocolHandler ["http-nio-8080"]
15-Feb-2024 18:46:36.451 INFO [main] org.apache.catalina.startup.Catalina.load Server initialization in [1557] milliseconds
15-Feb-2024 18:46:36.554 INFO [main] org.apache.catalina.core.StandardService.startInternal Starting service [Catalina]
15-Feb-2024 18:46:36.556 INFO [main] org.apache.catalina.core.StandardEngine.startInternal Starting Servlet engine: [Apache Tomcat/9.0.85]
15-Feb-2024 18:46:36.579 INFO [main] org.apache.catalina.startup.HostConfig.deployDescriptor Deploying deployment descriptor [C:\Users\Yeshwanth Reddy\OneDrive\Desktop\Servlets\web-servlets\conf\Catalina\localhost\javax-servlets.xml]
15-Feb-2024 18:46:42.018 INFO [main] org.apache.jasper.servlet.TldScanner.scanJars At least one JAR was scanned for TLDs yet contained no TLDs. Enable debug logging for this logger for a complete list of JARs that were scanned but no TLDs were found in them. Skipping unneeded JARs during scanning can improve startup time and JSP compilation time.
15-Feb-2024 18:46:42.890 INFO [main] org.springframework.web.servlet.DispatcherServlet.initServletBean FrameworkServlet 'spring': initialization started
15-Feb-2024 18:46:43.011 INFO [main] org.springframework.web.context.support.XmlWebApplicationContext.prepareRefresh Refreshing WebApplicationContext for namespace 'spring-servlet': startup date [Thu Feb 15 18:46:43 CST 2024]; root of context hierarchy
15-Feb-2024 18:46:43.220 INFO [main] org.springframework.beans.factory.xml.XmlBeanDefinitionReader.loadBeanDefinitions Loading XML bean definitions from ServletContext resource [/WEB-INF/spring-servlet.xml]
15-Feb-2024 18:46:43.224 SEVERE [main] org.springframework.web.servlet.DispatcherServlet.initServletBean Context initialization failed
	org.springframework.beans.factory.BeanDefinitionStoreException: IOException parsing XML document from ServletContext resource [/WEB-INF/spring-servlet.xml]; nested exception is java.io.FileNotFoundException: Could not open ServletContext resource [/WEB-INF/spring-servlet.xml]
		at org.springframework.beans.factory.xml.XmlBeanDefinitionReader.loadBeanDefinitions(XmlBeanDefinitionReader.java:344)
		at org.springframework.beans.factory.xml.XmlBeanDefinitionReader.loadBeanDefinitions(XmlBeanDefinitionReader.java:304)
		at org.springframework.beans.factory.support.AbstractBeanDefinitionReader.loadBeanDefinitions(AbstractBeanDefinitionReader.java:181)
		at org.springframework.beans.factory.support.AbstractBeanDefinitionReader.loadBeanDefinitions(AbstractBeanDefinitionReader.java:217)
		at org.springframework.beans.factory.support.AbstractBeanDefinitionReader.loadBeanDefinitions(AbstractBeanDefinitionReader.java:188)
		at org.springframework.web.context.support.XmlWebApplicationContext.loadBeanDefinitions(XmlWebApplicationContext.java:125)
		at org.springframework.web.context.support.XmlWebApplicationContext.loadBeanDefinitions(XmlWebApplicationContext.java:94)
		at org.springframework.context.support.AbstractRefreshableApplicationContext.refreshBeanFactory(AbstractRefreshableApplicationContext.java:129)
		at org.springframework.context.support.AbstractApplicationContext.obtainFreshBeanFactory(AbstractApplicationContext.java:614)
		at org.springframework.context.support.AbstractApplicationContext.refresh(AbstractApplicationContext.java:515)
		at org.springframework.web.servlet.FrameworkServlet.configureAndRefreshWebApplicationContext(FrameworkServlet.java:668)
		at org.springframework.web.servlet.FrameworkServlet.createWebApplicationContext(FrameworkServlet.java:634)
		at org.springframework.web.servlet.FrameworkServlet.createWebApplicationContext(FrameworkServlet.java:682)
		at org.springframework.web.servlet.FrameworkServlet.initWebApplicationContext(FrameworkServlet.java:553)
		at org.springframework.web.servlet.FrameworkServlet.initServletBean(FrameworkServlet.java:494)
		at org.springframework.web.servlet.HttpServletBean.init(HttpServletBean.java:171)
		at javax.servlet.GenericServlet.init(GenericServlet.java:143)
		at org.apache.catalina.core.StandardWrapper.initServlet(StandardWrapper.java:1106)
		at org.apache.catalina.core.StandardWrapper.loadServlet(StandardWrapper.java:1063)
		at org.apache.catalina.core.StandardWrapper.load(StandardWrapper.java:960)
		at org.apache.catalina.core.StandardContext.loadOnStartup(StandardContext.java:4641)
		at org.apache.catalina.core.StandardContext.startInternal(StandardContext.java:4948)
		at org.apache.catalina.util.LifecycleBase.start(LifecycleBase.java:171)
		at org.apache.catalina.core.ContainerBase.addChildInternal(ContainerBase.java:683)
		at org.apache.catalina.core.ContainerBase.addChild(ContainerBase.java:658)
		at org.apache.catalina.core.StandardHost.addChild(StandardHost.java:661)
		at org.apache.catalina.startup.HostConfig.deployDescriptor(HostConfig.java:691)
		at org.apache.catalina.startup.HostConfig$DeployDescriptor.run(HostConfig.java:1897)
		at java.base/java.util.concurrent.Executors$RunnableAdapter.call(Executors.java:539)
		at java.base/java.util.concurrent.FutureTask.run(FutureTask.java:264)
		at org.apache.tomcat.util.threads.InlineExecutorService.execute(InlineExecutorService.java:75)
		at java.base/java.util.concurrent.AbstractExecutorService.submit(AbstractExecutorService.java:123)
		at org.apache.catalina.startup.HostConfig.deployDescriptors(HostConfig.java:584)
		at org.apache.catalina.startup.HostConfig.deployApps(HostConfig.java:474)
		at org.apache.catalina.startup.HostConfig.start(HostConfig.java:1619)
		at org.apache.catalina.startup.HostConfig.lifecycleEvent(HostConfig.java:318)
		at org.apache.catalina.util.LifecycleBase.fireLifecycleEvent(LifecycleBase.java:114)
		at org.apache.catalina.util.LifecycleBase.setStateInternal(LifecycleBase.java:402)
		at org.apache.catalina.util.LifecycleBase.setState(LifecycleBase.java:345)
		at org.apache.catalina.core.ContainerBase.startInternal(ContainerBase.java:893)
		at org.apache.catalina.core.StandardHost.startInternal(StandardHost.java:794)
		at org.apache.catalina.util.LifecycleBase.start(LifecycleBase.java:171)
		at org.apache.catalina.core.ContainerBase$StartChild.call(ContainerBase.java:1332)
		at org.apache.catalina.core.ContainerBase$StartChild.call(ContainerBase.java:1322)
		at java.base/java.util.concurrent.FutureTask.run(FutureTask.java:264)
		at org.apache.tomcat.util.threads.InlineExecutorService.execute(InlineExecutorService.java:75)
		at java.base/java.util.concurrent.AbstractExecutorService.submit(AbstractExecutorService.java:145)
		at org.apache.catalina.core.ContainerBase.startInternal(ContainerBase.java:866)
		at org.apache.catalina.core.StandardEngine.startInternal(StandardEngine.java:248)
		at org.apache.catalina.util.LifecycleBase.start(LifecycleBase.java:171)
		at org.apache.catalina.core.StandardService.startInternal(StandardService.java:433)
		at org.apache.catalina.util.LifecycleBase.start(LifecycleBase.java:171)
		at org.apache.catalina.core.StandardServer.startInternal(StandardServer.java:921)
		at org.apache.catalina.util.LifecycleBase.start(LifecycleBase.java:171)
		at org.apache.catalina.startup.Catalina.start(Catalina.java:772)
		at java.base/jdk.internal.reflect.NativeMethodAccessorImpl.invoke0(Native Method)
		at java.base/jdk.internal.reflect.NativeMethodAccessorImpl.invoke(NativeMethodAccessorImpl.java:77)
		at java.base/jdk.internal.reflect.DelegatingMethodAccessorImpl.invoke(DelegatingMethodAccessorImpl.java:43)
		at java.base/java.lang.reflect.Method.invoke(Method.java:568)
		at org.apache.catalina.startup.Bootstrap.start(Bootstrap.java:347)
		at org.apache.catalina.startup.Bootstrap.main(Bootstrap.java:478)
	Caused by: java.io.FileNotFoundException: Could not open ServletContext resource [/WEB-INF/spring-servlet.xml]
		at org.springframework.web.context.support.ServletContextResource.getInputStream(ServletContextResource.java:141)
		at org.springframework.beans.factory.xml.XmlBeanDefinitionReader.loadBeanDefinitions(XmlBeanDefinitionReader.java:330)
		... 60 more
15-Feb-2024 18:46:43.253 INFO [main] org.apache.catalina.startup.HostConfig.deployDescriptor Deployment of deployment descriptor [C:\Users\Yeshwanth Reddy\OneDrive\Desktop\Servlets\web-servlets\conf\Catalina\localhost\javax-servlets.xml] has finished in [6,674] ms
15-Feb-2024 18:46:43.258 INFO [main] org.apache.coyote.AbstractProtocol.start Starting ProtocolHandler ["http-nio-8080"]
15-Feb-2024 18:46:43.341 INFO [main] org.apache.catalina.startup.Catalina.start Server startup in [6890] milliseconds
15-Feb-2024 18:47:18.332 INFO [Thread-1] org.apache.coyote.AbstractProtocol.pause Pausing ProtocolHandler ["http-nio-8080"]
15-Feb-2024 18:47:18.355 INFO [Thread-1] org.apache.catalina.core.StandardService.stopInternal Stopping service [Catalina]
15-Feb-2024 18:47:18.371 INFO [Thread-1] org.apache.coyote.AbstractProtocol.stop Stopping ProtocolHandler ["http-nio-8080"]
15-Feb-2024 18:47:18.385 INFO [Thread-1] org.apache.coyote.AbstractProtocol.destroy Destroying ProtocolHandler ["http-nio-8080"]
